<?xml version="1.0" encoding="UTF-8"?>
<testng-results skipped="0" failed="0" ignored="0" total="1" passed="1">
  <reporter-output>
  </reporter-output>
  <suite name="Default suite" duration-ms="23877" started-at="2020-10-10T18:09:14Z" finished-at="2020-10-10T18:09:38Z">
    <groups>
    </groups>
    <test name="Default test" duration-ms="23877" started-at="2020-10-10T18:09:14Z" finished-at="2020-10-10T18:09:38Z">
      <class name="testcases.LoginTest">
        <test-method status="PASS" signature="loginTest()[pri:0, instance:testcases.LoginTest@1ed4004b]" name="loginTest" duration-ms="23796" started-at="2020-10-10T18:09:14Z" finished-at="2020-10-10T18:09:38Z">
          <reporter-output>
          </reporter-output>
        </test-method> <!-- loginTest -->
      </class> <!-- testcases.LoginTest -->
    </test> <!-- Default test -->
  </suite> <!-- Default suite -->
</testng-results>
